{
  "stats": {
    "suites": 1,
    "tests": 1,
    "passes": 1,
    "pending": 0,
    "failures": 0,
    "start": "2020-12-13T04:09:25.087Z",
    "end": "2020-12-13T04:09:39.796Z",
    "duration": 14709,
    "testsRegistered": 1,
    "passPercent": 100,
    "pendingPercent": 0,
    "other": 0,
    "hasOther": false,
    "skipped": 0,
    "hasSkipped": false
  },
  "results": [
    {
      "uuid": "333b72cb-2470-46f3-b3bb-d4d26b6ffa7b",
      "title": "",
      "fullFile": "cypress/integration/compras.spec.js",
      "file": "cypress/integration/compras.spec.js",
      "beforeHooks": [],
      "afterHooks": [],
      "tests": [],
      "suites": [
        {
          "uuid": "6c833c20-d3bf-43e6-8ea3-947cbbe85195",
          "title": "Compra",
          "fullFile": "",
          "file": "",
          "beforeHooks": [],
          "afterHooks": [],
          "tests": [
            {
              "title": "Efetuar uma compra de produto",
              "fullTitle": "Compra Efetuar uma compra de produto",
              "timedOut": null,
              "duration": 14646,
              "state": "passed",
              "speed": "slow",
              "pass": true,
              "fail": false,
              "pending": false,
              "context": null,
              "code": "cy.backgroundLogin();\ncy.visit('/');\nvar nomeProduto = 'Faded Short Sleeve T-shirts';\ncy.contains(nomeProduto).trigger('mouseover');\ncy.contains(nomeProduto).parent().siblings('div.button-container').children('a').first().click();\ncy.get(\".icon-ok\").parent().should('contain.text', 'Product successfully added to your shopping cart');\ncy.get('span#layer_cart_product_title').should('contain.text', nomeProduto);\ncy.get(\".button-container a[href$='controller=order']\").click();\ncy.get(\".cart_navigation a[href$='controller=order&step=1']\").click(); //\t\tcy.get('#email').type('semana-agilizei@mail.com');\n//\t\tcy.get('#passwd').type('12345');\n//\t\tcy.get('button#SubmitLogin').click();\ncy.get('[type=checkbox]#addressesAreEquals').should('have.attr', 'checked', 'checked');\ncy.get('button[name=processAddress]').click();\ncy.get('[type=checkbox]#cgv').check();\ncy.get('button[name=processCarrier]').click();\ncy.get('.bankwire').click();\ncy.get('.cart_navigation button[type=submit]').find('span').contains('I confirm my order').click();\ncy.get('.cheque-indent strong').should('contain.text', 'Your order on My Store is complete.');\ncy.get('div.box').invoke('text').then(function (text) {\n  cy.writeFile('cypress/fixtures/pedido.json', {\n    id: \"\".concat(text.match(/[A-Z][A-Z]+/g)[1])\n  });\n});\ncy.get(\".cart_navigation a[href$='history']\").click();\ncy.readFile('cypress/fixtures/pedido.json').then(function (pedido) {\n  cy.get('tr.first_item .history_link a').should('contain.text', pedido.id);\n});",
              "err": {},
              "uuid": "83cb0f9e-f3a6-445f-bd2f-df41a438c05b",
              "parentUUID": "6c833c20-d3bf-43e6-8ea3-947cbbe85195",
              "isHook": false,
              "skipped": false
            }
          ],
          "suites": [],
          "passes": [
            "83cb0f9e-f3a6-445f-bd2f-df41a438c05b"
          ],
          "failures": [],
          "pending": [],
          "skipped": [],
          "duration": 14646,
          "root": false,
          "rootEmpty": false,
          "_timeout": 2000
        }
      ],
      "passes": [],
      "failures": [],
      "pending": [],
      "skipped": [],
      "duration": 0,
      "root": true,
      "rootEmpty": true,
      "_timeout": 2000
    }
  ],
  "meta": {
    "mocha": {
      "version": "7.0.1"
    },
    "mochawesome": {
      "options": {
        "quiet": true,
        "reportFilename": "mochawesome",
        "saveHtml": false,
        "saveJson": true,
        "consoleReporter": "spec",
        "useInlineDiffs": false,
        "code": true
      },
      "version": "6.2.1"
    },
    "marge": {
      "options": {
        "id": "default",
        "reportDir": "mochawesome-report",
        "quiet": true,
        "overwrite": false,
        "html": false,
        "json": true
      },
      "version": "5.1.0"
    }
  }
}